[debug] [2026-07-10T09:45:33.805Z] ----------------------------------------------------------------------
[debug] [2026-07-10T09:45:33.807Z] Command:       C:\Program Files\nodejs\node.exe C:\Users\wqerty\AppData\Roaming\npm\node_modules\firebase-tools\lib\bin\firebase.js login --reauth
[debug] [2026-07-10T09:45:33.807Z] CLI Version:   15.22.4
[debug] [2026-07-10T09:45:33.807Z] Platform:      win32
[debug] [2026-07-10T09:45:33.807Z] Node Version:  v24.17.0
[debug] [2026-07-10T09:45:33.807Z] Detected Agent: unknown
[debug] [2026-07-10T09:45:33.807Z] Time:          Fri Jul 10 2026 17:45:33 GMT+0800 (Singapore Standard Time)
[debug] [2026-07-10T09:45:33.807Z] ----------------------------------------------------------------------
[debug] 
[info] 
[info] Visit this URL on this device to log in:
[info] https://accounts.google.com/o/oauth2/auth?client_id=563584335869-fgrhgmd47bqnekij5i8b5pr03ho849e6.apps.googleusercontent.com&scope=email%20openid%20https%3A%2F%2Fwww.googleapis.com%2Fauth%2Fcloudplatformprojects.readonly%20https%3A%2F%2Fwww.googleapis.com%2Fauth%2Ffirebase%20https%3A%2F%2Fwww.googleapis.com%2Fauth%2Fcloud-platform&response_type=code&state=675563274&redirect_uri=http%3A%2F%2Flocalhost%3A9005
[info] 
[info] Waiting for authentication...
[debug] [2026-07-10T09:45:40.073Z] >>> [apiv2][query] POST https://accounts.google.com/o/oauth2/token [none]
[debug] [2026-07-10T09:45:40.073Z] >>> [apiv2][body] POST https://accounts.google.com/o/oauth2/token [omitted]
[debug] [2026-07-10T09:45:40.241Z] *** [apiv2] retrying https://accounts.google.com/o/oauth2/token without keep-alive after a premature close error
[debug] [2026-07-10T09:45:41.247Z] *** [apiv2] Attempting the request again. Attempt number 2
[debug] [2026-07-10T09:45:41.247Z] >>> [apiv2][query] POST https://accounts.google.com/o/oauth2/token [none]
[debug] [2026-07-10T09:45:41.247Z] >>> [apiv2][body] POST https://accounts.google.com/o/oauth2/token [omitted]
[debug] [2026-07-10T09:45:41.365Z] <<< [apiv2][status] POST https://accounts.google.com/o/oauth2/token 400
[debug] [2026-07-10T09:45:41.365Z] <<< [apiv2][body] POST https://accounts.google.com/o/oauth2/token [omitted]
[debug] [2026-07-10T09:45:41.366Z] Token Fetch Error: FirebaseError: Request to https://accounts.google.com/o/oauth2/token had HTTP Error: 400, invalid_grant
    at responseToError (C:\Users\wqerty\AppData\Roaming\npm\node_modules\firebase-tools\lib\responseToError.js:53:12)
    at RetryOperation._fn (C:\Users\wqerty\AppData\Roaming\npm\node_modules\firebase-tools\lib\apiv2.js:381:77)
    at process.processTicksAndRejections (node:internal/process/task_queues:104:5)
[error] Authentication Error: Your credentials are no longer valid. Please run firebase login --reauth

For CI servers and headless environments, generate a new token with firebase login:ci
[debug] [2026-07-10T09:45:41.368Z] >>> [apiv2][query] POST https://auth.firebase.tools/attest [none]
[debug] [2026-07-10T09:45:41.368Z] >>> [apiv2][body] POST https://auth.firebase.tools/attest {"session_id":"e84986a0-af13-4c81-bdc7-76e77b9258a8"}
[debug] [2026-07-10T09:45:41.804Z] <<< [apiv2][status] POST https://auth.firebase.tools/attest 200
[debug] [2026-07-10T09:45:41.804Z] <<< [apiv2][body] POST https://auth.firebase.tools/attest {"token":"Pw9DM_NrPbZgfOw-DKQ9enjL4Zz43GYOiz0p8ABQnXg"}
[info] 
[info] To sign in to the Firebase CLI:
[info] 
[info] 1. Take note of your session ID:
[info] 
[info]    E8498
[info] 
[info] 2. Visit the URL below on any device and follow the instructions to get your code:
[info] 
[info]    https://auth.firebase.tools/login?code_challenge=yDlN_2RV6wY2Vdjx51KVcQY9AifUSifXNjhWDszlMUw&session=e84986a0-af13-4c81-bdc7-76e77b9258a8&attest=Pw9DM_NrPbZgfOw-DKQ9enjL4Zz43GYOiz0p8ABQnXg
[info] 
[info] 3. Paste or enter the authorization code below once you have it:
[info] 
